{
  "Cucumber Features": {
    "coverage": {
      "/home/codio/workspace/meetUpAtCU/app/mailers/message_mailer.rb": {
        "lines": [
          1,
          1,
          null,
          1,
          1,
          1,
          1,
          1,
          1,
          1,
          1,
          1,
          1,
          1,
          null,
          null,
          null,
          1,
          0,
          0,
          0,
          0,
          0,
          0,
          0,
          0,
          0,
          null,
          null,
          null
        ]
      },
      "/home/codio/workspace/meetUpAtCU/app/mailers/application_mailer.rb": {
        "lines": [
          1,
          1,
          1,
          null
        ]
      },
      "/home/codio/workspace/meetUpAtCU/app/models/profile.rb": {
        "lines": [
          1,
          1,
          null,
          1,
          68,
          null,
          null,
          1,
          68,
          null,
          null,
          1,
          68,
          0,
          null,
          68,
          null,
          null,
          null,
          1,
          68,
          0,
          null,
          68,
          null,
          null,
          null,
          1,
          1,
          1,
          1,
          null,
          0,
          null,
          null,
          1,
          null,
          0,
          0,
          0,
          0,
          0,
          0,
          0,
          null,
          null,
          null
        ]
      },
      "/home/codio/workspace/meetUpAtCU/app/controllers/profiles_controller.rb": {
        "lines": [
          1,
          1,
          null,
          null,
          1,
          3,
          null,
          null,
          1,
          28,
          null,
          null,
          0,
          0,
          null,
          28,
          null,
          null,
          null,
          1,
          1,
          null,
          1,
          0,
          0,
          0,
          null,
          1,
          0,
          0,
          0,
          null,
          1,
          1,
          1,
          null,
          0,
          null,
          1,
          1,
          1,
          1,
          null,
          null,
          1,
          null,
          null,
          null,
          null,
          1,
          16,
          null,
          null,
          1,
          8,
          8,
          8,
          8,
          8,
          8,
          8,
          8,
          0,
          null,
          8,
          null,
          8,
          8,
          0,
          null,
          null,
          0,
          null,
          8,
          8,
          8,
          null,
          null,
          1,
          null,
          null,
          null,
          1,
          68,
          68,
          null,
          68,
          63,
          null,
          5,
          null,
          null,
          68,
          62,
          null,
          6,
          null,
          null,
          68,
          68,
          null,
          null,
          null,
          1,
          null,
          null,
          null,
          1,
          1,
          1,
          1,
          1,
          1,
          null,
          null,
          1,
          null,
          null,
          1,
          57,
          null,
          null
        ]
      },
      "/home/codio/workspace/meetUpAtCU/app/controllers/application_controller.rb": {
        "lines": [
          1,
          null,
          null,
          1,
          null
        ]
      },
      "/home/codio/workspace/meetUpAtCU/app/helpers/application_helper.rb": {
        "lines": [
          1,
          null
        ]
      },
      "/home/codio/workspace/meetUpAtCU/app/helpers/messages_helper.rb": {
        "lines": [
          1,
          null
        ]
      },
      "/home/codio/workspace/meetUpAtCU/app/helpers/testings_helper.rb": {
        "lines": [
          1,
          null
        ]
      },
      "/home/codio/workspace/meetUpAtCU/app/controllers/sessions_controller.rb": {
        "lines": [
          1,
          1,
          null,
          0,
          0,
          0,
          null,
          0,
          0,
          0,
          null,
          0,
          null,
          null,
          0,
          0,
          null,
          null,
          0,
          0,
          null,
          null,
          1,
          12,
          12,
          null,
          1,
          0,
          0,
          null,
          null
        ]
      },
      "/home/codio/workspace/meetUpAtCU/app/controllers/messages_controller.rb": {
        "lines": [
          1,
          1,
          1,
          0,
          0,
          0,
          null,
          1,
          1,
          1,
          1,
          1,
          1,
          1,
          1,
          1,
          1,
          1,
          1,
          1,
          1,
          1,
          null,
          null,
          1,
          1,
          1,
          1,
          1,
          1,
          null,
          null,
          null,
          0,
          0,
          0,
          0,
          0,
          0,
          0,
          0,
          0,
          null,
          null,
          1,
          null,
          1,
          1,
          null,
          null
        ]
      },
      "/home/codio/workspace/meetUpAtCU/app/models/message.rb": {
        "lines": [
          1,
          null
        ]
      },
      "/home/codio/workspace/meetUpAtCU/app/models/application_record.rb": {
        "lines": [
          1,
          1,
          null
        ]
      },
      "/home/codio/workspace/meetUpAtCU/app/controllers/testings_controller.rb": {
        "lines": [
          0,
          0,
          0,
          0,
          0,
          null,
          null,
          0,
          0,
          0,
          0,
          0,
          0,
          0,
          0,
          0,
          0
        ],
        "branches": {
        }
      }
    },
    "timestamp": 1639959469
  },
  "RSpec": {
    "coverage": {
      "/home/codio/workspace/meetUpAtCU/app/helpers/application_helper.rb": {
        "lines": [
          1,
          null
        ]
      },
      "/home/codio/workspace/meetUpAtCU/app/helpers/messages_helper.rb": {
        "lines": [
          1,
          null
        ]
      },
      "/home/codio/workspace/meetUpAtCU/app/controllers/messages_controller.rb": {
        "lines": [
          1,
          1,
          1,
          1,
          1,
          1,
          1,
          1,
          1,
          1,
          1,
          1,
          1,
          1,
          1,
          1,
          1,
          null,
          null,
          1,
          null,
          1,
          1,
          null,
          null
        ]
      },
      "/home/codio/workspace/meetUpAtCU/app/controllers/application_controller.rb": {
        "lines": [
          1,
          null,
          null,
          1,
          null
        ]
      },
      "/home/codio/workspace/meetUpAtCU/app/controllers/profiles_controller.rb": {
        "lines": [
          1,
          1,
          null,
          null,
          1,
          1,
          null,
          null,
          1,
          2,
          null,
          null,
          1,
          1,
          null,
          2,
          null,
          null,
          null,
          1,
          3,
          null,
          3,
          1,
          1,
          1,
          null,
          2,
          1,
          1,
          1,
          null,
          1,
          1,
          1,
          null,
          0,
          null,
          1,
          1,
          1,
          1,
          null,
          null,
          1,
          null,
          null,
          null,
          null,
          1,
          1,
          null,
          null,
          1,
          1,
          1,
          1,
          1,
          1,
          1,
          0,
          null,
          null,
          0,
          null,
          1,
          1,
          1,
          null,
          null,
          1,
          null,
          null,
          null,
          1,
          1,
          1,
          1,
          null,
          0,
          null,
          1,
          1,
          null,
          null,
          null,
          1,
          null,
          null,
          null,
          1,
          1,
          1,
          1,
          1,
          1,
          null,
          null,
          1,
          null,
          null,
          1,
          7,
          null,
          null
        ]
      },
      "/home/codio/workspace/meetUpAtCU/app/models/profile.rb": {
        "lines": [
          1,
          1,
          1,
          1,
          null,
          null,
          1,
          1,
          0,
          null,
          1,
          null,
          null,
          null,
          1,
          null,
          0,
          0,
          0,
          0,
          0,
          0,
          0,
          null,
          null,
          null
        ]
      },
      "/home/codio/workspace/meetUpAtCU/app/models/message.rb": {
        "lines": [
          1,
          null
        ]
      },
      "/home/codio/workspace/meetUpAtCU/app/models/application_record.rb": {
        "lines": [
          1,
          1,
          null
        ]
      },
      "/home/codio/workspace/meetUpAtCU/app/mailers/message_mailer.rb": {
        "lines": [
          1,
          1,
          null,
          1,
          1,
          1,
          1,
          1,
          1,
          1,
          1,
          1,
          1,
          1,
          null,
          null,
          null
        ]
      },
      "/home/codio/workspace/meetUpAtCU/app/mailers/application_mailer.rb": {
        "lines": [
          1,
          1,
          1,
          null
        ]
      },
      "/home/codio/workspace/meetUpAtCU/app/controllers/sessions_controller.rb": {
        "lines": [
          0,
          0,
          null,
          0,
          0,
          0,
          null,
          0,
          null,
          null,
          0,
          0,
          null,
          null,
          0,
          0,
          0,
          null,
          0,
          0,
          0,
          0,
          0
        ],
        "branches": {
        }
      }
    },
    "timestamp": 1637207705
  }
}
